/home/arnaik/code-review-test-projects/java/test8691/test8691.java	-	ContextedRuntimeException: java.lang.IllegalArgumentException: Cannot parameterize java/util/AbstractQueue with [T, io.vavr.collection.Queue<T>], expecting  1 type arguments
Exception Context:
	[1:Resolving type of=!debug only! [ClassType:58:37]AbstractQueue<T, Queue<T>>]
---------------------------------
