/home/arnaik/code-review-test-projects/java/test8655/test8655.java:41:	LooseCoupling:	Avoid using implementation types like 'ArrayList'; use the interface instead
/home/arnaik/code-review-test-projects/java/test8655/test8655.java:42:	LooseCoupling:	Avoid using implementation types like 'ArrayList'; use the interface instead
/home/arnaik/code-review-test-projects/java/test8655/test8655.java:43:	LooseCoupling:	Avoid using implementation types like 'ArrayList'; use the interface instead
/home/arnaik/code-review-test-projects/java/test8655/test8655.java:44:	LooseCoupling:	Avoid using implementation types like 'ArrayList'; use the interface instead
/home/arnaik/code-review-test-projects/java/test8655/test8655.java:48:	LooseCoupling:	Avoid using implementation types like 'ArrayList'; use the interface instead
/home/arnaik/code-review-test-projects/java/test8655/test8655.java:165:	UnnecessaryFullyQualifiedName:	Unnecessary qualifier 'Tree': 'empty' is already in scope
/home/arnaik/code-review-test-projects/java/test8655/test8655.java:179:	UnnecessaryFullyQualifiedName:	Unnecessary qualifier 'Tree': 'empty' is already in scope
/home/arnaik/code-review-test-projects/java/test8655/test8655.java:616:	GenericsNaming:	Generics names should be a one letter long and upper case.
/home/arnaik/code-review-test-projects/java/test8655/test8655.java:616:	GenericsNaming:	Generics names should be a one letter long and upper case.
/home/arnaik/code-review-test-projects/java/test8655/test8655.java:628:	GenericsNaming:	Generics names should be a one letter long and upper case.
/home/arnaik/code-review-test-projects/java/test8655/test8655.java:628:	GenericsNaming:	Generics names should be a one letter long and upper case.
/home/arnaik/code-review-test-projects/java/test8655/test8655.java:628:	GenericsNaming:	Generics names should be a one letter long and upper case.
/home/arnaik/code-review-test-projects/java/test8655/test8655.java:654:	UnnecessaryFullyQualifiedName:	Unnecessary qualifier 'java.util': 'Iterator' is already in scope because it is imported in this file
/home/arnaik/code-review-test-projects/java/test8655/test8655.java:659:	UnnecessaryFullyQualifiedName:	Unnecessary qualifier 'Tree': 'of' is already in scope
/home/arnaik/code-review-test-projects/java/test8655/test8655.java:788:	UselessParentheses:	Useless parentheses.
/home/arnaik/code-review-test-projects/java/test8655/test8655.java:1019:	UseUtilityClass:	This utility class has a non-private constructor
/home/arnaik/code-review-test-projects/java/test8655/test8655.java:1029:	UnnecessaryFullyQualifiedName:	Unnecessary qualifier 'FlatMap': 'apply' is already in scope
/home/arnaik/code-review-test-projects/java/test8655/test8655.java:1036:	UseUtilityClass:	This utility class has a non-private constructor
/home/arnaik/code-review-test-projects/java/test8655/test8655.java:1040:	UnnecessaryFullyQualifiedName:	Unnecessary qualifier 'Map': 'apply' is already in scope
/home/arnaik/code-review-test-projects/java/test8655/test8655.java:1045:	UseUtilityClass:	This utility class has a non-private constructor
/home/arnaik/code-review-test-projects/java/test8655/test8655.java:1055:	UnnecessaryFullyQualifiedName:	Unnecessary qualifier 'Replace': 'apply' is already in scope
/home/arnaik/code-review-test-projects/java/test8655/test8655.java:1056:	CompareObjectsWithEquals:	Use equals() to compare object references.
/home/arnaik/code-review-test-projects/java/test8655/test8655.java:1067:	UseUtilityClass:	This utility class has a non-private constructor
/home/arnaik/code-review-test-projects/java/test8655/test8655.java:1096:	UnnecessaryFullyQualifiedName:	Unnecessary qualifier 'java.util': 'Queue' is already in scope because it is imported in this file
/home/arnaik/code-review-test-projects/java/test8655/test8655.java:1096:	UnnecessaryFullyQualifiedName:	Unnecessary qualifier 'java.util': 'LinkedList' is already in scope because it is imported in this file
/home/arnaik/code-review-test-projects/java/test8655/test8655.java:1107:	UseUtilityClass:	This utility class has a non-private constructor
/home/arnaik/code-review-test-projects/java/test8655/test8655.java:1109:	GenericsNaming:	Generics names should be a one letter long and upper case.
/home/arnaik/code-review-test-projects/java/test8655/test8655.java:1109:	GenericsNaming:	Generics names should be a one letter long and upper case.
/home/arnaik/code-review-test-projects/java/test8655/test8655.java:1114:	UnnecessaryFullyQualifiedName:	Unnecessary qualifier 'Unzip': 'apply' is already in scope
/home/arnaik/code-review-test-projects/java/test8655/test8655.java:1120:	GenericsNaming:	Generics names should be a one letter long and upper case.
/home/arnaik/code-review-test-projects/java/test8655/test8655.java:1120:	GenericsNaming:	Generics names should be a one letter long and upper case.
/home/arnaik/code-review-test-projects/java/test8655/test8655.java:1120:	GenericsNaming:	Generics names should be a one letter long and upper case.
/home/arnaik/code-review-test-projects/java/test8655/test8655.java:1124:	UnnecessaryFullyQualifiedName:	Unnecessary qualifier 'Unzip': 'apply3' is already in scope
/home/arnaik/code-review-test-projects/java/test8655/test8655.java:1132:	UseUtilityClass:	This utility class has a non-private constructor
/home/arnaik/code-review-test-projects/java/test8655/test8655.java:1135:	UnnecessaryFullyQualifiedName:	Unnecessary qualifier 'java.util': 'Iterator' is already in scope because it is imported in this file
/home/arnaik/code-review-test-projects/java/test8655/test8655.java:1142:	UnnecessaryFullyQualifiedName:	Unnecessary qualifier 'Zip': 'apply' is already in scope
/home/arnaik/code-review-test-projects/java/test8655/test8655.java:1149:	UseUtilityClass:	This utility class has a non-private constructor
/home/arnaik/code-review-test-projects/java/test8655/test8655.java:1152:	UnnecessaryFullyQualifiedName:	Unnecessary qualifier 'java.util': 'Iterator' is already in scope because it is imported in this file
/home/arnaik/code-review-test-projects/java/test8655/test8655.java:1159:	UnnecessaryFullyQualifiedName:	Unnecessary qualifier 'ZipAll': 'apply' is already in scope
/home/arnaik/code-review-test-projects/java/test8655/test8655.java	-	ContextedRuntimeException: java.lang.IllegalArgumentException: Cannot parameterize ast:class(javaslang.collection.TreeModule$Map) with [C, *Seq<T>], expecting  0 type arguments
Exception Context:
	[1:Resolving type of=!debug only! [ClassType:423:17]Map<C, Seq<T>>]
	[2:Rule applied on node=!debug only! [ClassType:423:17]Map<C, Seq<T>>]
---------------------------------
/home/arnaik/code-review-test-projects/java/test8655/test8655.java	-	ContextedRuntimeException: java.lang.IllegalArgumentException: Cannot parameterize ast:class(javaslang.collection.TreeModule$Map) with [C, *Seq<T>], expecting  0 type arguments
Exception Context:
	[1:Resolving type of=!debug only! [ClassType:428:21]Map<C, Seq<T>>]
	[2:Rule applied on node=!debug only! [ClassType:428:21]Map<C, Seq<T>>]
---------------------------------
/home/arnaik/code-review-test-projects/java/test8655/test8655.java	-	ContextedRuntimeException: java.lang.IllegalArgumentException: Cannot parameterize ast:class(javaslang.collection.TreeModule$Map) with [C, *Seq<T>], expecting  0 type arguments
Exception Context:
	[1:Resolving type of=!debug only! [ClassType:423:17]Map<C, Seq<T>>]
	[2:Resolving type of=!debug only! [MethodCall:426:20]HashMap.empty()]
	[3:Rule applied on node=!debug only! [ClassType:426:20]HashMap]
---------------------------------
/home/arnaik/code-review-test-projects/java/test8655/test8655.java	-	ContextedRuntimeException: java.lang.IllegalArgumentException: Cannot parameterize ast:class(javaslang.collection.TreeModule$Map) with [C, *Seq<T>], expecting  0 type arguments
Exception Context:
	[1:Resolving type of=!debug only! [ClassType:423:17]Map<C, Seq<T>>]
	[2:Rule applied on node=!debug only! [CompilationUnit:6:1]package javaslang.collection;

import javaslang.Tuple;
import javaslang.Tuple2;
import javaslang.Tuple3;
import javaslang.collection.List.N(truncated)]
---------------------------------
/home/arnaik/code-review-test-projects/java/test8655/test8655.java	-	ContextedRuntimeException: java.lang.IllegalArgumentException: Cannot parameterize ast:class(javaslang.collection.TreeModule$Map) with [C, *Seq<T>], expecting  0 type arguments
Exception Context:
	[1:Resolving type of=!debug only! [ClassType:423:17]Map<C, Seq<T>>]
	[2:Resolving type of=!debug only! [MethodCall:426:20]HashMap.empty()]
	[3:Rule applied on node=!debug only! [ReturnStatement:426:13]return HashMap.empty();]
---------------------------------
/home/arnaik/code-review-test-projects/java/test8655/test8655.java	-	ContextedRuntimeException: java.lang.IllegalArgumentException: Cannot parameterize ast:class(javaslang.collection.TreeModule$Map) with [C, *Seq<T>], expecting  0 type arguments
Exception Context:
	[1:Resolving type of=!debug only! [ClassType:428:21]Map<C, Seq<T>>]
	[2:Resolving type of=!debug only! [CastExpression:428:20](Map<C, Seq<T>>) values().groupBy(classifier)]
	[3:Rule applied on node=!debug only! [ReturnStatement:428:13]return (Map<C, Seq<T>>) values().groupBy(classifier);]
---------------------------------
